# JRE version: OpenJDK Runtime Environment Microsoft-11369940 (21.0.7+6) (build 21.0.7+6-LTS)
# Java VM: OpenJDK 64-Bit Server VM Microsoft-11369940 (21.0.7+6-LTS, mixed mode, sharing, tiered, compressed class ptrs, g1 gc, windows-amd64)
GC Precious Log:
 CardTable entry size: 512
 Card Set container configuration: InlinePtr #cards 3 size 8 Array Of Cards #cards 256 size 528 Howl #buckets 8 coarsen threshold 58982 Howl Bitmap #cards 8192 size 1040 coarsen threshold 7372 Card regions per heap region 1 cards per card region 65536
 CPUs: 16 total, 16 available
 Memory: 16306M
 Large Page Support: Disabled
 NUMA Support: Disabled
 Compressed Oops: Disabled
 Heap Region Size: 32M
 Heap Min Capacity: 32M
 Heap Initial Capacity: 256M
 Heap Max Capacity: 100000M
 Pre-touch: Disabled
 Parallel Workers: 13
 Concurrent Workers: 3
 Concurrent Refinement Workers: 13
 Periodic GC: Disabled
Heap:
 garbage-first heap   total 12025856K, used 705770K [0x0000027fe2000000, 0x000002984c000000)
  region size 32768K, 3 young (98304K), 3 survivors (98304K)
 Metaspace       used 256106K, committed 259776K, reserved 1114112K
  class space    used 31353K, committed 33216K, reserved 851968K
GC Heap History (20 events):
Event: 526.494 GC heap after
{Heap after GC invocations=118 (full 0):
 garbage-first heap   total 5472256K, used 721382K [0x0000027fe2000000, 0x000002984c000000)
  region size 32768K, 8 young (262144K), 8 survivors (262144K)
 Metaspace       used 255818K, committed 259456K, reserved 1114112K
  class space    used 31350K, committed 33216K, reserved 851968K
}
Event: 527.205 GC heap before
{Heap before GC invocations=118 (full 0):
 garbage-first heap   total 5472256K, used 3703270K [0x0000027fe2000000, 0x000002984c000000)
  region size 32768K, 100 young (3276800K), 8 survivors (262144K)
 Metaspace       used 255834K, committed 259456K, reserved 1114112K
  class space    used 31350K, committed 33216K, reserved 851968K
}
Event: 527.249 GC heap after
{Heap after GC invocations=119 (full 0):
 garbage-first heap   total 5472256K, used 677761K [0x0000027fe2000000, 0x000002984c000000)
  region size 32768K, 6 young (196608K), 6 survivors (196608K)
 Metaspace       used 255834K, committed 259456K, reserved 1114112K
  class space    used 31350K, committed 33216K, reserved 851968K
}
Event: 528.048 GC heap before
{Heap before GC invocations=119 (full 0):
 garbage-first heap   total 5472256K, used 3757953K [0x0000027fe2000000, 0x000002984c000000)
  region size 32768K, 100 young (3276800K), 6 survivors (196608K)
 Metaspace       used 255854K, committed 259520K, reserved 1114112K
  class space    used 31350K, committed 33216K, reserved 851968K
}
Event: 528.114 GC heap after
{Heap after GC invocations=120 (full 0):
 garbage-first heap   total 8716288K, used 707910K [0x0000027fe2000000, 0x000002984c000000)
  region size 32768K, 7 young (229376K), 7 survivors (229376K)
 Metaspace       used 255854K, committed 259520K, reserved 1114112K
  class space    used 31350K, committed 33216K, reserved 851968K
}
Event: 533.964 GC heap before
{Heap before GC invocations=120 (full 0):
 garbage-first heap   total 8716288K, used 5688646K [0x0000027fe2000000, 0x000002984c000000)
  region size 32768K, 159 young (5210112K), 7 survivors (229376K)
 Metaspace       used 255869K, committed 259520K, reserved 1114112K
  class space    used 31350K, committed 33216K, reserved 851968K
}
Event: 534.055 GC heap after
{Heap after GC invocations=121 (full 0):
 garbage-first heap   total 8716288K, used 741982K [0x0000027fe2000000, 0x000002984c000000)
  region size 32768K, 8 young (262144K), 8 survivors (262144K)
 Metaspace       used 255869K, committed 259520K, reserved 1114112K
  class space    used 31350K, committed 33216K, reserved 851968K
}
Event: 535.601 GC heap before
{Heap before GC invocations=121 (full 0):
 garbage-first heap   total 8716288K, used 5689950K [0x0000027fe2000000, 0x000002984c000000)
  region size 32768K, 159 young (5210112K), 8 survivors (262144K)
 Metaspace       used 255870K, committed 259520K, reserved 1114112K
  class space    used 31350K, committed 33216K, reserved 851968K
}
Event: 535.701 GC heap after
{Heap after GC invocations=122 (full 0):
 garbage-first heap   total 8716288K, used 665124K [0x0000027fe2000000, 0x000002984c000000)
  region size 32768K, 5 young (163840K), 5 survivors (163840K)
 Metaspace       used 255870K, committed 259520K, reserved 1114112K
  class space    used 31350K, committed 33216K, reserved 851968K
}
Event: 538.329 GC heap before
{Heap before GC invocations=122 (full 0):
 garbage-first heap   total 8716288K, used 5711396K [0x0000027fe2000000, 0x000002984c000000)
  region size 32768K, 159 young (5210112K), 5 survivors (163840K)
 Metaspace       used 255935K, committed 259584K, reserved 1114112K
  class space    used 31351K, committed 33216K, reserved 851968K
}
Event: 538.368 GC heap after
{Heap after GC invocations=123 (full 0):
 garbage-first heap   total 8716288K, used 622437K [0x0000027fe2000000, 0x000002984c000000)
  region size 32768K, 4 young (131072K), 4 survivors (131072K)
 Metaspace       used 255935K, committed 259584K, reserved 1114112K
  class space    used 31351K, committed 33216K, reserved 851968K
}
Event: 542.468 GC heap before
{Heap before GC invocations=123 (full 0):
 garbage-first heap   total 8716288K, used 5701477K [0x0000027fe2000000, 0x000002984c000000)
  region size 32768K, 159 young (5210112K), 4 survivors (131072K)
 Metaspace       used 256087K, committed 259712K, reserved 1114112K
  class space    used 31353K, committed 33216K, reserved 851968K
}
Event: 543.622 GC heap after
{Heap after GC invocations=124 (full 0):
 garbage-first heap   total 12025856K, used 659196K [0x0000027fe2000000, 0x000002984c000000)
  region size 32768K, 5 young (163840K), 5 survivors (163840K)
 Metaspace       used 256087K, committed 259712K, reserved 1114112K
  class space    used 31353K, committed 33216K, reserved 851968K
}
Event: 552.244 GC heap before
{Heap before GC invocations=124 (full 0):
 garbage-first heap   total 12025856K, used 1052412K [0x0000027fe2000000, 0x000002984c000000)
  region size 32768K, 18 young (589824K), 5 survivors (163840K)
 Metaspace       used 256088K, committed 259712K, reserved 1114112K
  class space    used 31353K, committed 33216K, reserved 851968K
}
Event: 552.691 GC heap after
{Heap after GC invocations=125 (full 0):
 garbage-first heap   total 12025856K, used 663193K [0x0000027fe2000000, 0x000002984c000000)
  region size 32768K, 2 young (65536K), 2 survivors (65536K)
 Metaspace       used 256088K, committed 259712K, reserved 1114112K
  class space    used 31353K, committed 33216K, reserved 851968K
}
Event: 554.931 GC heap before
{Heap before GC invocations=125 (full 0):
 garbage-first heap   total 12025856K, used 1187481K [0x0000027fe2000000, 0x000002984c000000)
  region size 32768K, 18 young (589824K), 2 survivors (65536K)
 Metaspace       used 256091K, committed 259776K, reserved 1114112K
  class space    used 31353K, committed 33216K, reserved 851968K
}
Event: 554.992 GC heap after
{Heap after GC invocations=126 (full 0):
 garbage-first heap   total 12025856K, used 659783K [0x0000027fe2000000, 0x000002984c000000)
  region size 32768K, 2 young (65536K), 2 survivors (65536K)
 Metaspace       used 256091K, committed 259776K, reserved 1114112K
  class space    used 31353K, committed 33216K, reserved 851968K
}
Event: 555.211 GC heap before
{Heap before GC invocations=126 (full 0):
 garbage-first heap   total 12025856K, used 1184071K [0x0000027fe2000000, 0x000002984c000000)
  region size 32768K, 18 young (589824K), 2 survivors (65536K)
 Metaspace       used 256096K, committed 259776K, reserved 1114112K
  class space    used 31353K, committed 33216K, reserved 851968K
}
Event: 555.233 GC heap after
{Heap after GC invocations=127 (full 0):
 garbage-first heap   total 12025856K, used 680233K [0x0000027fe2000000, 0x000002984c000000)
  region size 32768K, 2 young (65536K), 2 survivors (65536K)
 Metaspace       used 256096K, committed 259776K, reserved 1114112K
  class space    used 31353K, committed 33216K, reserved 851968K
}
Event: 555.458 GC heap before
{Heap before GC invocations=127 (full 0):
 garbage-first heap   total 12025856K, used 1204521K [0x0000027fe2000000, 0x000002984c000000)
  region size 32768K, 18 young (589824K), 2 survivors (65536K)
 Metaspace       used 256106K, committed 259776K, reserved 1114112K
  class space    used 31353K, committed 33216K, reserved 851968K
}

